[02/03/2015 3:31:53 PM]:Server Name :AGDAPP01P
Back Original File Name :D:\agdcms\batchjobs\group1_2\bin\app.properties
To new file path :D:\agdcms\batchjobs\group1_2\bin\BackUp\app_02032015.propertiesBack Original File Name :D:\agdcms\batchjobs\group3\bin\app.properties
To new file path :D:\agdcms\batchjobs\group3\bin\BackUp\app_02032015.propertiesCopy file from :C:\Users\lideng\Desktop\PasswordChange_Process\PasswordChange_Process\SourceFiles\AGDAPP01P\D\agdcms\batchjobs\group1_2\bin\app.properties
To new file path :D:\agdcms\batchjobs\group1_2\bin\app.propertiesCopy file from :C:\Users\lideng\Desktop\PasswordChange_Process\PasswordChange_Process\SourceFiles\AGDAPP01P\D\agdcms\batchjobs\group3\bin\app.properties
To new file path :D:\agdcms\batchjobs\group3\bin\app.properties
[02/03/2015 3:33:15 PM]:Server Name :AGDAPP01P
Back Original File Name :D:\agdcms\batchjobs\group1_2\bin\app.properties
 To new file path :D:\agdcms\batchjobs\group1_2\bin\BackUp\app_02032015.properties
Back Original File Name :D:\agdcms\batchjobs\group3\bin\app.properties
 To new file path :D:\agdcms\batchjobs\group3\bin\BackUp\app_02032015.properties
Copy file from :C:\Users\lideng\Desktop\PasswordChange_Process\PasswordChange_Process\SourceFiles\AGDAPP01P\D\agdcms\batchjobs\group1_2\bin\app.properties
 To new file path :D:\agdcms\batchjobs\group1_2\bin\app.properties
Copy file from :C:\Users\lideng\Desktop\PasswordChange_Process\PasswordChange_Process\SourceFiles\AGDAPP01P\D\agdcms\batchjobs\group3\bin\app.properties
 To new file path :D:\agdcms\batchjobs\group3\bin\app.properties

[02/03/2015 3:33:34 PM]:Server Name :AGDAPP01P
Back Original File Name :D:\agdcms\batchjobs\group1_2\bin\app.properties
To new file path :D:\agdcms\batchjobs\group1_2\bin\BackUp\app_02032015.properties
Back Original File Name :D:\agdcms\batchjobs\group3\bin\app.properties
To new file path :D:\agdcms\batchjobs\group3\bin\BackUp\app_02032015.properties
Copy file from :C:\Users\lideng\Desktop\PasswordChange_Process\PasswordChange_Process\SourceFiles\AGDAPP01P\D\agdcms\batchjobs\group1_2\bin\app.properties
To new file path :D:\agdcms\batchjobs\group1_2\bin\app.properties
Copy file from :C:\Users\lideng\Desktop\PasswordChange_Process\PasswordChange_Process\SourceFiles\AGDAPP01P\D\agdcms\batchjobs\group3\bin\app.properties
To new file path :D:\agdcms\batchjobs\group3\bin\app.properties

[02/03/2015 3:35:20 PM]:Server Name :AGDAPP01P
Back Original File :D:\agdcms\batchjobs\group1_2\bin\app.properties
To backup folder :D:\agdcms\batchjobs\group1_2\bin\BackUp\app_02032015.properties
Back Original File :D:\agdcms\batchjobs\group3\bin\app.properties
To backup folder :D:\agdcms\batchjobs\group3\bin\BackUp\app_02032015.properties
Copy local file from :C:\Users\lideng\Desktop\PasswordChange_Process\PasswordChange_Process\SourceFiles\AGDAPP01P\D\agdcms\batchjobs\group1_2\bin\app.properties
To PRD file path :D:\agdcms\batchjobs\group1_2\bin\app.properties
Copy local file from :C:\Users\lideng\Desktop\PasswordChange_Process\PasswordChange_Process\SourceFiles\AGDAPP01P\D\agdcms\batchjobs\group3\bin\app.properties
To PRD file path :D:\agdcms\batchjobs\group3\bin\app.properties

[02/03/2015 3:38:00 PM]:Server Name :AGDAPP01P
Back Original File :D:\agdcms\batchjobs\group1_2\bin\app.properties
To backup folder :D:\agdcms\batchjobs\group1_2\bin\backup\app_02032015.properties
Back Original File :D:\agdcms\batchjobs\group3\bin\app.properties
To backup folder :D:\agdcms\batchjobs\group3\bin\backup\app_02032015.properties
Copy local file from :C:\Users\lideng\Desktop\PasswordChange_Process\PasswordChange_Process\SourceFiles\AGDAPP01P\D\agdcms\batchjobs\group1_2\bin\app.properties
To PRD file path :D:\agdcms\batchjobs\group1_2\bin\app.properties
Copy local file from :C:\Users\lideng\Desktop\PasswordChange_Process\PasswordChange_Process\SourceFiles\AGDAPP01P\D\agdcms\batchjobs\group3\bin\app.properties
To PRD file path :D:\agdcms\batchjobs\group3\bin\app.properties

[02/03/2015 3:38:30 PM]:Server Name :AGDAPP01P
Back Original File :D:\agdcms\batchjobs\group1_2\bin\app.properties
To backup folder :D:\agdcms\batchjobs\group1_2\bin\backup\app_02032015.properties
Back Original File :D:\agdcms\batchjobs\group3\bin\app.properties
To backup folder :D:\agdcms\batchjobs\group3\bin\backup\app_02032015.properties
Copy local file from :C:\Users\lideng\Desktop\PasswordChange_Process\PasswordChange_Process\SourceFiles\AGDAPP01P\D\agdcms\batchjobs\group1_2\bin\app.properties
To PRD file path :D:\agdcms\batchjobs\group1_2\bin\app.properties
Copy local file from :C:\Users\lideng\Desktop\PasswordChange_Process\PasswordChange_Process\SourceFiles\AGDAPP01P\D\agdcms\batchjobs\group3\bin\app.properties
To PRD file path :D:\agdcms\batchjobs\group3\bin\app.properties

[02/03/2015 3:55:22 PM]:Server Name :AGDAPP01P
Back Original File :D:\agdcms\batchjobs\group1_2\bin\app.properties
To backup folder :D:\agdcms\batchjobs\group1_2\bin\backup\app_02032015.properties
Copy local file from :C:\Users\lideng\Desktop\PasswordChange_Process\PasswordChange_Process\SourceFiles\AGDAPP01P\D\agdcms\batchjobs\group1_2\bin\app.properties
To PRD file path :D:\agdcms\batchjobs\group1_2\bin\app.properties
Back Original File :D:\agdcms\batchjobs\group3\bin\app.properties
To backup folder :D:\agdcms\batchjobs\group3\bin\backup\app_02032015.properties
Copy local file from :C:\Users\lideng\Desktop\PasswordChange_Process\PasswordChange_Process\SourceFiles\AGDAPP01P\D\agdcms\batchjobs\group3\bin\app.properties
To PRD file path :D:\agdcms\batchjobs\group3\bin\app.properties

[02/03/2015 4:20:20 PM]:System.IO.FileNotFoundException: Could not find file 'D:\agdmbs\app\script\vendorpayment\pubpassword.inc'.
File name: 'D:\agdmbs\app\script\vendorpayment\pubpassword.inc'
   at FileMigration.FileHelper.FileCopy(String originFile, String newFile) in C:\Users\lideng\Desktop\GitHub\Projects\Projects\c#\FileMigration\FileMigration\FileHelper.cs:line 24
   at FileMigration.Common.BackUp(String backupFolderName, String fileName, String originFilePath) in C:\Users\lideng\Desktop\GitHub\Projects\Projects\c#\FileMigration\FileMigration\Common.cs:line 72
   at FileMigration.AGDAPP02PCLS.DoEachfileMigration(String local_FileName, String PRD_FileName) in C:\Users\lideng\Desktop\GitHub\Projects\Projects\c#\FileMigration\FileMigration\AGDAPP02PCLS.cs:line 60
   at FileMigration.AGDAPP02PCLS.DoMigration() in C:\Users\lideng\Desktop\GitHub\Projects\Projects\c#\FileMigration\FileMigration\AGDAPP02PCLS.cs:line 39
   at FileMigration.Form1.FileMigration() in C:\Users\lideng\Desktop\GitHub\Projects\Projects\c#\FileMigration\FileMigration\Form1.cs:line 43
   at FileMigration.Form1.btnOK_Click(Object sender, EventArgs e) in C:\Users\lideng\Desktop\GitHub\Projects\Projects\c#\FileMigration\FileMigration\Form1.cs:line 27
[02/03/2015 4:23:01 PM]:Server Name :AGDAPP02P
Back Original File :D:\agdassb\scripts\agd_assb\include\ccdgConstants.inc
To backup folder :D:\agdassb\scripts\agd_assb\include\backup\ccdgConstants_02032015.inc
Copy local file from :C:\Users\lideng\Desktop\PasswordChange_Process\PasswordChange_Process\SourceFiles\AGDAPP02P\D\agdassb\scripts\agd_assb\include\ccdgConstants.inc
To PRD file path :D:\agdassb\scripts\agd_assb\include\ccdgConstants.inc
Back Original File :D:\agdhelpdesk\scripts\agd_helpdesk\Web.config
To backup folder :D:\agdhelpdesk\scripts\agd_helpdesk\backup\Web_02032015.config
Copy local file from :C:\Users\lideng\Desktop\PasswordChange_Process\PasswordChange_Process\SourceFiles\AGDAPP02P\D\agdhelpdesk\scripts\agd_helpdesk\Web.config
To PRD file path :D:\agdhelpdesk\scripts\agd_helpdesk\Web.config
Back Original File :D:\agdmbs\app\script\vendorpayment\pubpassword.inc
To backup folder :D:\agdmbs\app\script\vendorpayment\backup\pubpassword_02032015.inc
Copy local file from :C:\Users\lideng\Desktop\PasswordChange_Process\PasswordChange_Process\SourceFiles\AGDAPP02P\D\agdmbs\app\script\vendorpayment\pubpassword.inc
To PRD file path :D:\agdmbs\app\script\vendorpayment\pubpassword.inc
Back Original File :D:\agdmbs\app\script\vendorpayment\administrator\pubpassword.inc
To backup folder :D:\agdmbs\app\script\vendorpayment\administrator\backup\pubpassword_02032015.inc
Copy local file from :C:\Users\lideng\Desktop\PasswordChange_Process\PasswordChange_Process\SourceFiles\AGDAPP02P\D\agdmbs\app\script\vendorpayment\administrator\pubpassword.inc
To PRD file path :D:\agdmbs\app\script\vendorpayment\administrator\pubpassword.inc
Back Original File :D:\agdreqsys\batchjob\agd_reqsys\srs_common.vbs
To backup folder :D:\agdreqsys\batchjob\agd_reqsys\backup\srs_common_02032015.vbs
Copy local file from :C:\Users\lideng\Desktop\PasswordChange_Process\PasswordChange_Process\SourceFiles\AGDAPP02P\D\agdreqsys\batchjob\agd_reqsys\srs_common.vbs
To PRD file path :D:\agdreqsys\batchjob\agd_reqsys\srs_common.vbs
Back Original File :D:\agdreqsys\scripts\agd_reqsys\Web.config
To backup folder :D:\agdreqsys\scripts\agd_reqsys\backup\Web_02032015.config
Copy local file from :C:\Users\lideng\Desktop\PasswordChange_Process\PasswordChange_Process\SourceFiles\AGDAPP02P\D\agdreqsys\scripts\agd_reqsys\Web.config
To PRD file path :D:\agdreqsys\scripts\agd_reqsys\Web.config
Back Original File :D:\agdvendors\batchjob\agd_vendors\batchinvoice\ClearBatchInv.vbs
To backup folder :D:\agdvendors\batchjob\agd_vendors\batchinvoice\backup\ClearBatchInv_02032015.vbs
Copy local file from :C:\Users\lideng\Desktop\PasswordChange_Process\PasswordChange_Process\SourceFiles\AGDAPP02P\D\agdvendors\batchjob\agd_vendors\batchinvoice\ClearBatchInv.vbs
To PRD file path :D:\agdvendors\batchjob\agd_vendors\batchinvoice\ClearBatchInv.vbs
Back Original File :D:\agdvendors\script\agd_vendors\Web.config
To backup folder :D:\agdvendors\script\agd_vendors\backup\Web_02032015.config
Copy local file from :C:\Users\lideng\Desktop\PasswordChange_Process\PasswordChange_Process\SourceFiles\AGDAPP02P\D\agdvendors\script\agd_vendors\Web.config
To PRD file path :D:\agdvendors\script\agd_vendors\Web.config

[02/03/2015 4:24:30 PM]:Server Name :AGDAPP02P
Back Original File :D:\agdassb\scripts\agd_assb\include\ccdgConstants.inc
To backup folder :D:\agdassb\scripts\agd_assb\include\backup\ccdgConstants_02032015.inc
Copy local file from :C:\Users\lideng\Desktop\PasswordChange_Process\PasswordChange_Process\SourceFiles\AGDAPP02P\D\agdassb\scripts\agd_assb\include\ccdgConstants.inc
To PRD file path :D:\agdassb\scripts\agd_assb\include\ccdgConstants.inc
Back Original File :D:\agdhelpdesk\scripts\agd_helpdesk\Web.config
To backup folder :D:\agdhelpdesk\scripts\agd_helpdesk\backup\Web_02032015.config
Copy local file from :C:\Users\lideng\Desktop\PasswordChange_Process\PasswordChange_Process\SourceFiles\AGDAPP02P\D\agdhelpdesk\scripts\agd_helpdesk\Web.config
To PRD file path :D:\agdhelpdesk\scripts\agd_helpdesk\Web.config
Back Original File :D:\agdmbs\app\script\vendorpayment\pubpassword.inc
To backup folder :D:\agdmbs\app\script\vendorpayment\backup\pubpassword_02032015.inc
Copy local file from :C:\Users\lideng\Desktop\PasswordChange_Process\PasswordChange_Process\SourceFiles\AGDAPP02P\D\agdmbs\app\script\vendorpayment\pubpassword.inc
To PRD file path :D:\agdmbs\app\script\vendorpayment\pubpassword.inc
Back Original File :D:\agdmbs\app\script\vendorpayment\administrator\pubpassword.inc
To backup folder :D:\agdmbs\app\script\vendorpayment\administrator\backup\pubpassword_02032015.inc
Copy local file from :C:\Users\lideng\Desktop\PasswordChange_Process\PasswordChange_Process\SourceFiles\AGDAPP02P\D\agdmbs\app\script\vendorpayment\administrator\pubpassword.inc
To PRD file path :D:\agdmbs\app\script\vendorpayment\administrator\pubpassword.inc
Back Original File :D:\agdreqsys\batchjob\agd_reqsys\srs_common.vbs
To backup folder :D:\agdreqsys\batchjob\agd_reqsys\backup\srs_common_02032015.vbs
Copy local file from :C:\Users\lideng\Desktop\PasswordChange_Process\PasswordChange_Process\SourceFiles\AGDAPP02P\D\agdreqsys\batchjob\agd_reqsys\srs_common.vbs
To PRD file path :D:\agdreqsys\batchjob\agd_reqsys\srs_common.vbs
Back Original File :D:\agdreqsys\scripts\agd_reqsys\Web.config
To backup folder :D:\agdreqsys\scripts\agd_reqsys\backup\Web_02032015.config
Copy local file from :C:\Users\lideng\Desktop\PasswordChange_Process\PasswordChange_Process\SourceFiles\AGDAPP02P\D\agdreqsys\scripts\agd_reqsys\Web.config
To PRD file path :D:\agdreqsys\scripts\agd_reqsys\Web.config
Back Original File :D:\agdvendors\batchjob\agd_vendors\batchinvoice\ClearBatchInv.vbs
To backup folder :D:\agdvendors\batchjob\agd_vendors\batchinvoice\backup\ClearBatchInv_02032015.vbs
Copy local file from :C:\Users\lideng\Desktop\PasswordChange_Process\PasswordChange_Process\SourceFiles\AGDAPP02P\D\agdvendors\batchjob\agd_vendors\batchinvoice\ClearBatchInv.vbs
To PRD file path :D:\agdvendors\batchjob\agd_vendors\batchinvoice\ClearBatchInv.vbs
Back Original File :D:\agdvendors\script\agd_vendors\Web.config
To backup folder :D:\agdvendors\script\agd_vendors\backup\Web_02032015.config
Copy local file from :C:\Users\lideng\Desktop\PasswordChange_Process\PasswordChange_Process\SourceFiles\AGDAPP02P\D\agdvendors\script\agd_vendors\Web.config
To PRD file path :D:\agdvendors\script\agd_vendors\Web.config

[02/03/2015 4:29:46 PM]:Server Name :AGDAPP02P
Back Original File :D:\agdassb\scripts\agd_assb\include\ccdgConstants.inc
To backup folder :D:\agdassb\scripts\agd_assb\include\backup\ccdgConstants_02032015.inc
Copy local file from :C:\Users\lideng\Desktop\PasswordChange_Process\PasswordChange_Process\SourceFiles\AGDAPP02P\D\agdassb\scripts\agd_assb\include\ccdgConstants.inc
To PRD file path :D:\agdassb\scripts\agd_assb\include\ccdgConstants.inc
Back Original File :D:\agdhelpdesk\scripts\agd_helpdesk\Web.config
To backup folder :D:\agdhelpdesk\scripts\agd_helpdesk\backup\Web_02032015.config
Copy local file from :C:\Users\lideng\Desktop\PasswordChange_Process\PasswordChange_Process\SourceFiles\AGDAPP02P\D\agdhelpdesk\scripts\agd_helpdesk\Web.config
To PRD file path :D:\agdhelpdesk\scripts\agd_helpdesk\Web.config
Back Original File :D:\agdmbs\app\script\vendorpayment\pubpassword.inc
To backup folder :D:\agdmbs\app\script\vendorpayment\backup\pubpassword_02032015.inc
Copy local file from :C:\Users\lideng\Desktop\PasswordChange_Process\PasswordChange_Process\SourceFiles\AGDAPP02P\D\agdmbs\app\script\vendorpayment\pubpassword.inc
To PRD file path :D:\agdmbs\app\script\vendorpayment\pubpassword.inc
Back Original File :D:\agdmbs\app\script\vendorpayment\administrator\pubpassword.inc
To backup folder :D:\agdmbs\app\script\vendorpayment\administrator\backup\pubpassword_02032015.inc
Copy local file from :C:\Users\lideng\Desktop\PasswordChange_Process\PasswordChange_Process\SourceFiles\AGDAPP02P\D\agdmbs\app\script\vendorpayment\administrator\pubpassword.inc
To PRD file path :D:\agdmbs\app\script\vendorpayment\administrator\pubpassword.inc
Back Original File :D:\agdreqsys\batchjob\agd_reqsys\srs_common.vbs
To backup folder :D:\agdreqsys\batchjob\agd_reqsys\backup\srs_common_02032015.vbs
Copy local file from :C:\Users\lideng\Desktop\PasswordChange_Process\PasswordChange_Process\SourceFiles\AGDAPP02P\D\agdreqsys\batchjob\agd_reqsys\srs_common.vbs
To PRD file path :D:\agdreqsys\batchjob\agd_reqsys\srs_common.vbs
Back Original File :D:\agdreqsys\scripts\agd_reqsys\Web.config
To backup folder :D:\agdreqsys\scripts\agd_reqsys\backup\Web_02032015.config
Copy local file from :C:\Users\lideng\Desktop\PasswordChange_Process\PasswordChange_Process\SourceFiles\AGDAPP02P\D\agdreqsys\scripts\agd_reqsys\Web.config
To PRD file path :D:\agdreqsys\scripts\agd_reqsys\Web.config
Back Original File :D:\agdvendors\batchjob\agd_vendors\batchinvoice\ClearBatchInv.vbs
To backup folder :D:\agdvendors\batchjob\agd_vendors\batchinvoice\backup\ClearBatchInv_02032015.vbs
Copy local file from :C:\Users\lideng\Desktop\PasswordChange_Process\PasswordChange_Process\SourceFiles\AGDAPP02P\D\agdvendors\batchjob\agd_vendors\batchinvoice\ClearBatchInv.vbs
To PRD file path :D:\agdvendors\batchjob\agd_vendors\batchinvoice\ClearBatchInv.vbs
Back Original File :D:\agdvendors\script\agd_vendors\Web.config
To backup folder :D:\agdvendors\script\agd_vendors\backup\Web_02032015.config
Copy local file from :C:\Users\lideng\Desktop\PasswordChange_Process\PasswordChange_Process\SourceFiles\AGDAPP02P\D\agdvendors\script\agd_vendors\Web.config
To PRD file path :D:\agdvendors\script\agd_vendors\Web.config

[02/03/2015 4:30:16 PM]:Server Name :AGDAPP02P
Back PRD File :D:\agdassb\scripts\agd_assb\include\ccdgConstants.inc
To PRD backup folder :D:\agdassb\scripts\agd_assb\include\backup\ccdgConstants_02032015.inc
Copy local file from :C:\Users\lideng\Desktop\PasswordChange_Process\PasswordChange_Process\SourceFiles\AGDAPP02P\D\agdassb\scripts\agd_assb\include\ccdgConstants.inc
To PRD file path :D:\agdassb\scripts\agd_assb\include\ccdgConstants.inc
Back PRD File :D:\agdhelpdesk\scripts\agd_helpdesk\Web.config
To PRD backup folder :D:\agdhelpdesk\scripts\agd_helpdesk\backup\Web_02032015.config
Copy local file from :C:\Users\lideng\Desktop\PasswordChange_Process\PasswordChange_Process\SourceFiles\AGDAPP02P\D\agdhelpdesk\scripts\agd_helpdesk\Web.config
To PRD file path :D:\agdhelpdesk\scripts\agd_helpdesk\Web.config
Back PRD File :D:\agdmbs\app\script\vendorpayment\pubpassword.inc
To PRD backup folder :D:\agdmbs\app\script\vendorpayment\backup\pubpassword_02032015.inc
Copy local file from :C:\Users\lideng\Desktop\PasswordChange_Process\PasswordChange_Process\SourceFiles\AGDAPP02P\D\agdmbs\app\script\vendorpayment\pubpassword.inc
To PRD file path :D:\agdmbs\app\script\vendorpayment\pubpassword.inc
Back PRD File :D:\agdmbs\app\script\vendorpayment\administrator\pubpassword.inc
To PRD backup folder :D:\agdmbs\app\script\vendorpayment\administrator\backup\pubpassword_02032015.inc
Copy local file from :C:\Users\lideng\Desktop\PasswordChange_Process\PasswordChange_Process\SourceFiles\AGDAPP02P\D\agdmbs\app\script\vendorpayment\administrator\pubpassword.inc
To PRD file path :D:\agdmbs\app\script\vendorpayment\administrator\pubpassword.inc
Back PRD File :D:\agdreqsys\batchjob\agd_reqsys\srs_common.vbs
To PRD backup folder :D:\agdreqsys\batchjob\agd_reqsys\backup\srs_common_02032015.vbs
Copy local file from :C:\Users\lideng\Desktop\PasswordChange_Process\PasswordChange_Process\SourceFiles\AGDAPP02P\D\agdreqsys\batchjob\agd_reqsys\srs_common.vbs
To PRD file path :D:\agdreqsys\batchjob\agd_reqsys\srs_common.vbs
Back PRD File :D:\agdreqsys\scripts\agd_reqsys\Web.config
To PRD backup folder :D:\agdreqsys\scripts\agd_reqsys\backup\Web_02032015.config
Copy local file from :C:\Users\lideng\Desktop\PasswordChange_Process\PasswordChange_Process\SourceFiles\AGDAPP02P\D\agdreqsys\scripts\agd_reqsys\Web.config
To PRD file path :D:\agdreqsys\scripts\agd_reqsys\Web.config
Back PRD File :D:\agdvendors\batchjob\agd_vendors\batchinvoice\ClearBatchInv.vbs
To PRD backup folder :D:\agdvendors\batchjob\agd_vendors\batchinvoice\backup\ClearBatchInv_02032015.vbs
Copy local file from :C:\Users\lideng\Desktop\PasswordChange_Process\PasswordChange_Process\SourceFiles\AGDAPP02P\D\agdvendors\batchjob\agd_vendors\batchinvoice\ClearBatchInv.vbs
To PRD file path :D:\agdvendors\batchjob\agd_vendors\batchinvoice\ClearBatchInv.vbs
Back PRD File :D:\agdvendors\script\agd_vendors\Web.config
To PRD backup folder :D:\agdvendors\script\agd_vendors\backup\Web_02032015.config
Copy local file from :C:\Users\lideng\Desktop\PasswordChange_Process\PasswordChange_Process\SourceFiles\AGDAPP02P\D\agdvendors\script\agd_vendors\Web.config
To PRD file path :D:\agdvendors\script\agd_vendors\Web.config

[02/03/2015 4:54:30 PM]:Server Name :AGDAPP03P
Back PRD File :D:\agdassb\scripts\agd_assb\include\ccdgConstants.inc
To PRD backup folder :D:\agdassb\scripts\agd_assb\include\backup\ccdgConstants_02032015.inc
Copy local file from :C:\Users\lideng\Desktop\PasswordChange_Process\PasswordChange_Process\SourceFiles\AGDAPP03P\D\agdassb\scripts\agd_assb\include\ccdgConstants.inc
To PRD file path :D:\agdassb\scripts\agd_assb\include\ccdgConstants.inc
Back PRD File :D:\agdhelpdesk\scripts\agd_helpdesk\Web.config
To PRD backup folder :D:\agdhelpdesk\scripts\agd_helpdesk\backup\Web_02032015.config
Copy local file from :C:\Users\lideng\Desktop\PasswordChange_Process\PasswordChange_Process\SourceFiles\AGDAPP03P\D\agdhelpdesk\scripts\agd_helpdesk\Web.config
To PRD file path :D:\agdhelpdesk\scripts\agd_helpdesk\Web.config
Back PRD File :D:\agdmbs\app\script\vendorpayment\pubpassword.inc
To PRD backup folder :D:\agdmbs\app\script\vendorpayment\backup\pubpassword_02032015.inc
Copy local file from :C:\Users\lideng\Desktop\PasswordChange_Process\PasswordChange_Process\SourceFiles\AGDAPP03P\D\agdmbs\app\script\vendorpayment\pubpassword.inc
To PRD file path :D:\agdmbs\app\script\vendorpayment\pubpassword.inc
Back PRD File :D:\agdmbs\app\script\vendorpayment\administrator\pubpassword.inc
To PRD backup folder :D:\agdmbs\app\script\vendorpayment\administrator\backup\pubpassword_02032015.inc
Copy local file from :C:\Users\lideng\Desktop\PasswordChange_Process\PasswordChange_Process\SourceFiles\AGDAPP03P\D\agdmbs\app\script\vendorpayment\administrator\pubpassword.inc
To PRD file path :D:\agdmbs\app\script\vendorpayment\administrator\pubpassword.inc
Back PRD File :D:\agdreqsys\batchjob\agd_reqsys\srs_common.vbs
To PRD backup folder :D:\agdreqsys\batchjob\agd_reqsys\backup\srs_common_02032015.vbs
Copy local file from :C:\Users\lideng\Desktop\PasswordChange_Process\PasswordChange_Process\SourceFiles\AGDAPP03P\D\agdreqsys\batchjob\agd_reqsys\srs_common.vbs
To PRD file path :D:\agdreqsys\batchjob\agd_reqsys\srs_common.vbs
Back PRD File :D:\agdreqsys\scripts\agd_reqsys\Web.config
To PRD backup folder :D:\agdreqsys\scripts\agd_reqsys\backup\Web_02032015.config
Copy local file from :C:\Users\lideng\Desktop\PasswordChange_Process\PasswordChange_Process\SourceFiles\AGDAPP03P\D\agdreqsys\scripts\agd_reqsys\Web.config
To PRD file path :D:\agdreqsys\scripts\agd_reqsys\Web.config
Back PRD File :D:\agdvendors\batchjob\agd_vendors\batchinvoice\ClearBatchInv.vbs
To PRD backup folder :D:\agdvendors\batchjob\agd_vendors\batchinvoice\backup\ClearBatchInv_02032015.vbs
Copy local file from :C:\Users\lideng\Desktop\PasswordChange_Process\PasswordChange_Process\SourceFiles\AGDAPP03P\D\agdvendors\batchjob\agd_vendors\batchinvoice\ClearBatchInv.vbs
To PRD file path :D:\agdvendors\batchjob\agd_vendors\batchinvoice\ClearBatchInv.vbs
Back PRD File :D:\agdvendors\script\agd_vendors\Web.config
To PRD backup folder :D:\agdvendors\script\agd_vendors\backup\Web_02032015.config
Copy local file from :C:\Users\lideng\Desktop\PasswordChange_Process\PasswordChange_Process\SourceFiles\AGDAPP03P\D\agdvendors\script\agd_vendors\Web.config
To PRD file path :D:\agdvendors\script\agd_vendors\Web.config

[02/03/2015 4:55:31 PM]:Server Name :AGDAPP04P
Back PRD File :D:\agdhelpdesk\batchjob\agd_helpdesk\common.vbs
To PRD backup folder :D:\agdhelpdesk\batchjob\agd_helpdesk\backup\common_02032015.vbs
Copy local file from :C:\Users\lideng\Desktop\PasswordChange_Process\PasswordChange_Process\SourceFiles\AGDAPP04P\D\agdhelpdesk\batchjob\agd_helpdesk\common.vbs
To PRD file path :D:\agdhelpdesk\batchjob\agd_helpdesk\common.vbs
Back PRD File :D:\agdhelpdesk\scripts\agd_helpdesk\Web.config
To PRD backup folder :D:\agdhelpdesk\scripts\agd_helpdesk\backup\Web_02032015.config
Copy local file from :C:\Users\lideng\Desktop\PasswordChange_Process\PasswordChange_Process\SourceFiles\AGDAPP04P\D\agdhelpdesk\scripts\agd_helpdesk\Web.config
To PRD file path :D:\agdhelpdesk\scripts\agd_helpdesk\Web.config
Back PRD File :D:\agdvendors\script\agd_admin\web.config
To PRD backup folder :D:\agdvendors\script\agd_admin\backup\web_02032015.config
Copy local file from :C:\Users\lideng\Desktop\PasswordChange_Process\PasswordChange_Process\SourceFiles\AGDAPP04P\D\agdvendors\script\agd_admin\web.config
To PRD file path :D:\agdvendors\script\agd_admin\web.config

[02/03/2015 4:56:37 PM]:Server Name :AGDAPP04P
Back PRD File :D:\agdhelpdesk\batchjob\agd_helpdesk\common.vbs
To PRD backup folder :D:\agdhelpdesk\batchjob\agd_helpdesk\backup\common_02032015.vbs
Copy local file from :C:\Users\lideng\Desktop\PasswordChange_Process\PasswordChange_Process\SourceFiles\AGDAPP04P\D\agdhelpdesk\batchjob\agd_helpdesk\common.vbs
To PRD file path :D:\agdhelpdesk\batchjob\agd_helpdesk\common.vbs
Back PRD File :D:\agdhelpdesk\scripts\agd_helpdesk\Web.config
To PRD backup folder :D:\agdhelpdesk\scripts\agd_helpdesk\backup\Web_02032015.config
Copy local file from :C:\Users\lideng\Desktop\PasswordChange_Process\PasswordChange_Process\SourceFiles\AGDAPP04P\D\agdhelpdesk\scripts\agd_helpdesk\Web.config
To PRD file path :D:\agdhelpdesk\scripts\agd_helpdesk\Web.config
Back PRD File :D:\agdvendors\script\agd_admin\web.config
To PRD backup folder :D:\agdvendors\script\agd_admin\backup\web_02032015.config
Copy local file from :C:\Users\lideng\Desktop\PasswordChange_Process\PasswordChange_Process\SourceFiles\AGDAPP04P\D\agdvendors\script\agd_admin\web.config
To PRD file path :D:\agdvendors\script\agd_admin\web.config
Server Name :AGDAPP04P
Back PRD File :D:\agdhelpdesk\batchjob\agd_helpdesk\common.vbs
To PRD backup folder :D:\agdhelpdesk\batchjob\agd_helpdesk\backup\common_02032015.vbs
Copy local file from :C:\Users\lideng\Desktop\PasswordChange_Process\PasswordChange_Process\SourceFiles\AGDAPP04P\D\agdhelpdesk\batchjob\agd_helpdesk\common.vbs
To PRD file path :D:\agdhelpdesk\batchjob\agd_helpdesk\common.vbs
Back PRD File :D:\agdhelpdesk\scripts\agd_helpdesk\Web.config
To PRD backup folder :D:\agdhelpdesk\scripts\agd_helpdesk\backup\Web_02032015.config
Copy local file from :C:\Users\lideng\Desktop\PasswordChange_Process\PasswordChange_Process\SourceFiles\AGDAPP04P\D\agdhelpdesk\scripts\agd_helpdesk\Web.config
To PRD file path :D:\agdhelpdesk\scripts\agd_helpdesk\Web.config
Back PRD File :D:\agdvendors\script\agd_admin\web.config
To PRD backup folder :D:\agdvendors\script\agd_admin\backup\web_02032015.config
Copy local file from :C:\Users\lideng\Desktop\PasswordChange_Process\PasswordChange_Process\SourceFiles\AGDAPP04P\D\agdvendors\script\agd_admin\web.config
To PRD file path :D:\agdvendors\script\agd_admin\web.config

[02/03/2015 4:59:48 PM]:Server Name :AGDAPP04P
Back PRD File :D:\agdhelpdesk\batchjob\agd_helpdesk\common.vbs
To PRD backup folder :D:\agdhelpdesk\batchjob\agd_helpdesk\backup\common_02032015.vbs
Copy local file from :C:\Users\lideng\Desktop\PasswordChange_Process\PasswordChange_Process\SourceFiles\AGDAPP04P\D\agdhelpdesk\batchjob\agd_helpdesk\common.vbs
To PRD file path :D:\agdhelpdesk\batchjob\agd_helpdesk\common.vbs
Back PRD File :D:\agdhelpdesk\scripts\agd_helpdesk\Web.config
To PRD backup folder :D:\agdhelpdesk\scripts\agd_helpdesk\backup\Web_02032015.config
Copy local file from :C:\Users\lideng\Desktop\PasswordChange_Process\PasswordChange_Process\SourceFiles\AGDAPP04P\D\agdhelpdesk\scripts\agd_helpdesk\Web.config
To PRD file path :D:\agdhelpdesk\scripts\agd_helpdesk\Web.config
Back PRD File :D:\agdvendors\script\agd_admin\web.config
To PRD backup folder :D:\agdvendors\script\agd_admin\backup\web_02032015.config
Copy local file from :C:\Users\lideng\Desktop\PasswordChange_Process\PasswordChange_Process\SourceFiles\AGDAPP04P\D\agdvendors\script\agd_admin\web.config
To PRD file path :D:\agdvendors\script\agd_admin\web.config
Server Name :AGDAPP04P
Back PRD File :D:\agdhelpdesk\batchjob\agd_helpdesk\common.vbs
To PRD backup folder :D:\agdhelpdesk\batchjob\agd_helpdesk\backup\common_02032015.vbs
Copy local file from :C:\Users\lideng\Desktop\PasswordChange_Process\PasswordChange_Process\SourceFiles\AGDAPP04P\D\agdhelpdesk\batchjob\agd_helpdesk\common.vbs
To PRD file path :D:\agdhelpdesk\batchjob\agd_helpdesk\common.vbs
Back PRD File :D:\agdhelpdesk\scripts\agd_helpdesk\Web.config
To PRD backup folder :D:\agdhelpdesk\scripts\agd_helpdesk\backup\Web_02032015.config
Copy local file from :C:\Users\lideng\Desktop\PasswordChange_Process\PasswordChange_Process\SourceFiles\AGDAPP04P\D\agdhelpdesk\scripts\agd_helpdesk\Web.config
To PRD file path :D:\agdhelpdesk\scripts\agd_helpdesk\Web.config
Back PRD File :D:\agdvendors\script\agd_admin\web.config
To PRD backup folder :D:\agdvendors\script\agd_admin\backup\web_02032015.config
Copy local file from :C:\Users\lideng\Desktop\PasswordChange_Process\PasswordChange_Process\SourceFiles\AGDAPP04P\D\agdvendors\script\agd_admin\web.config
To PRD file path :D:\agdvendors\script\agd_admin\web.config
Server Name :AGDAPP04P
Back PRD File :D:\agdhelpdesk\batchjob\agd_helpdesk\common.vbs
To PRD backup folder :D:\agdhelpdesk\batchjob\agd_helpdesk\backup\common_02032015.vbs
Copy local file from :C:\Users\lideng\Desktop\PasswordChange_Process\PasswordChange_Process\SourceFiles\AGDAPP04P\D\agdhelpdesk\batchjob\agd_helpdesk\common.vbs
To PRD file path :D:\agdhelpdesk\batchjob\agd_helpdesk\common.vbs
Back PRD File :D:\agdhelpdesk\scripts\agd_helpdesk\Web.config
To PRD backup folder :D:\agdhelpdesk\scripts\agd_helpdesk\backup\Web_02032015.config
Copy local file from :C:\Users\lideng\Desktop\PasswordChange_Process\PasswordChange_Process\SourceFiles\AGDAPP04P\D\agdhelpdesk\scripts\agd_helpdesk\Web.config
To PRD file path :D:\agdhelpdesk\scripts\agd_helpdesk\Web.config
Back PRD File :D:\agdvendors\script\agd_admin\web.config
To PRD backup folder :D:\agdvendors\script\agd_admin\backup\web_02032015.config
Copy local file from :C:\Users\lideng\Desktop\PasswordChange_Process\PasswordChange_Process\SourceFiles\AGDAPP04P\D\agdvendors\script\agd_admin\web.config
To PRD file path :D:\agdvendors\script\agd_admin\web.config

[02/03/2015 5:08:26 PM]:Server Name :AGDAPP04P
Back PRD File :D:\agdhelpdesk\batchjob\agd_helpdesk\common.vbs
To PRD backup folder :D:\agdhelpdesk\batchjob\agd_helpdesk\backup\common_02032015.vbs
Copy local file from :C:\Users\lideng\Desktop\PasswordChange_Process\PasswordChange_Process\SourceFiles\AGDAPP04P\D\agdhelpdesk\batchjob\agd_helpdesk\common.vbs
To PRD file path :D:\agdhelpdesk\batchjob\agd_helpdesk\common.vbs
Back PRD File :D:\agdhelpdesk\scripts\agd_helpdesk\Web.config
To PRD backup folder :D:\agdhelpdesk\scripts\agd_helpdesk\backup\Web_02032015.config
Copy local file from :C:\Users\lideng\Desktop\PasswordChange_Process\PasswordChange_Process\SourceFiles\AGDAPP04P\D\agdhelpdesk\scripts\agd_helpdesk\Web.config
To PRD file path :D:\agdhelpdesk\scripts\agd_helpdesk\Web.config
Back PRD File :D:\agdvendors\script\agd_admin\web.config
To PRD backup folder :D:\agdvendors\script\agd_admin\backup\web_02032015.config
Copy local file from :C:\Users\lideng\Desktop\PasswordChange_Process\PasswordChange_Process\SourceFiles\AGDAPP04P\D\agdvendors\script\agd_admin\web.config
To PRD file path :D:\agdvendors\script\agd_admin\web.config

[02/03/2015 5:10:13 PM]:Server Name :AGDAPP04P
Back PRD File :D:\agdhelpdesk\batchjob\agd_helpdesk\common.vbs
To PRD backup folder :D:\agdhelpdesk\batchjob\agd_helpdesk\backup\common_02032015.vbs
Copy local file from :C:\Users\lideng\Desktop\PasswordChange_Process\PasswordChange_Process\SourceFiles\AGDAPP04P\D\agdhelpdesk\batchjob\agd_helpdesk\common.vbs
To PRD file path :D:\agdhelpdesk\batchjob\agd_helpdesk\common.vbs
Back PRD File :D:\agdhelpdesk\scripts\agd_helpdesk\Web.config
To PRD backup folder :D:\agdhelpdesk\scripts\agd_helpdesk\backup\Web_02032015.config
Copy local file from :C:\Users\lideng\Desktop\PasswordChange_Process\PasswordChange_Process\SourceFiles\AGDAPP04P\D\agdhelpdesk\scripts\agd_helpdesk\Web.config
To PRD file path :D:\agdhelpdesk\scripts\agd_helpdesk\Web.config
Back PRD File :D:\agdvendors\script\agd_admin\web.config
To PRD backup folder :D:\agdvendors\script\agd_admin\backup\web_02032015.config
Copy local file from :C:\Users\lideng\Desktop\PasswordChange_Process\PasswordChange_Process\SourceFiles\AGDAPP04P\D\agdvendors\script\agd_admin\web.config
To PRD file path :D:\agdvendors\script\agd_admin\web.config

[02/03/2015 5:15:06 PM]:Server Name :AGDAPP04P
Back PRD File :D:\agdhelpdesk\batchjob\agd_helpdesk\common.vbs
To PRD backup folder :D:\agdhelpdesk\batchjob\agd_helpdesk\backup\common_02032015.vbs
Copy local file from :C:\Users\lideng\Desktop\PasswordChange_Process\PasswordChange_Process\SourceFiles\AGDAPP04P\D\agdhelpdesk\batchjob\agd_helpdesk\common.vbs
To PRD file path :D:\agdhelpdesk\batchjob\agd_helpdesk\common.vbs
Back PRD File :D:\agdhelpdesk\scripts\agd_helpdesk\Web.config
To PRD backup folder :D:\agdhelpdesk\scripts\agd_helpdesk\backup\Web_02032015.config
Copy local file from :C:\Users\lideng\Desktop\PasswordChange_Process\PasswordChange_Process\SourceFiles\AGDAPP04P\D\agdhelpdesk\scripts\agd_helpdesk\Web.config
To PRD file path :D:\agdhelpdesk\scripts\agd_helpdesk\Web.config
Back PRD File :D:\agdvendors\script\agd_admin\web.config
To PRD backup folder :D:\agdvendors\script\agd_admin\backup\web_02032015.config
Copy local file from :C:\Users\lideng\Desktop\PasswordChange_Process\PasswordChange_Process\SourceFiles\AGDAPP04P\D\agdvendors\script\agd_admin\web.config
To PRD file path :D:\agdvendors\script\agd_admin\web.config

[02/03/2015 5:23:03 PM]:Server Name :AGDAPP04P
Back up PRD File :D:\agdhelpdesk\batchjob\agd_helpdesk\common.vbs
To PRD backup folder :D:\agdhelpdesk\batchjob\agd_helpdesk\backup\common_02032015.vbs
Copy local file from :C:\Users\lideng\Desktop\PasswordChange_Process\PasswordChange_Process\SourceFiles\AGDAPP04P\D\agdhelpdesk\batchjob\agd_helpdesk\common.vbs
To PRD file path :D:\agdhelpdesk\batchjob\agd_helpdesk\common.vbs
Back up PRD File :D:\agdhelpdesk\scripts\agd_helpdesk\Web.config
To PRD backup folder :D:\agdhelpdesk\scripts\agd_helpdesk\backup\Web_02032015.config
Copy local file from :C:\Users\lideng\Desktop\PasswordChange_Process\PasswordChange_Process\SourceFiles\AGDAPP04P\D\agdhelpdesk\scripts\agd_helpdesk\Web.config
To PRD file path :D:\agdhelpdesk\scripts\agd_helpdesk\Web.config
Back up PRD File :D:\agdvendors\script\agd_admin\web.config
To PRD backup folder :D:\agdvendors\script\agd_admin\backup\web_02032015.config
Copy local file from :C:\Users\lideng\Desktop\PasswordChange_Process\PasswordChange_Process\SourceFiles\AGDAPP04P\D\agdvendors\script\agd_admin\web.config
To PRD file path :D:\agdvendors\script\agd_admin\web.config

[02/03/2015 5:25:43 PM]:System.IO.DirectoryNotFoundException: Could not find a part of the path 'D:\Users\lideng\Desktop\PasswordChange_Process\PasswordChange_Process\SourceFiles\AGDAPP04P\D\agdhelpdesk\batchjob\agd_helpdesk\common.vbs'.
   at FileMigration.FileHelper.FileCopy(String originFile, String newFile) in C:\Users\lideng\Desktop\GitHub\Projects\Projects\c#\FileMigration\FileMigration\FileHelper.cs:line 24
   at FileMigration.Common.DoFileMigration(String local_FileName, String PRD_FileName, String local_Path) in C:\Users\lideng\Desktop\GitHub\Projects\Projects\c#\FileMigration\FileMigration\Common.cs:line 76
   at FileMigration.AGDAPP04PCLS.DoMigration() in C:\Users\lideng\Desktop\GitHub\Projects\Projects\c#\FileMigration\FileMigration\AGDAPP04PCLS.cs:line 24
   at FileMigration.Form1.FileMigration() in C:\Users\lideng\Desktop\GitHub\Projects\Projects\c#\FileMigration\FileMigration\Form1.cs:line 47
   at FileMigration.Form1.btnOK_Click(Object sender, EventArgs e) in C:\Users\lideng\Desktop\GitHub\Projects\Projects\c#\FileMigration\FileMigration\Form1.cs:line 28
